<?xml version="1.0" encoding="UTF-8"?>
<testsuite xmlns:xsi="http://www.w3.org/2001/XMLSchema-instance" xsi:noNamespaceSchemaLocation="https://maven.apache.org/surefire/maven-surefire-plugin/xsd/surefire-test-report-3.0.xsd" version="3.0" name="com.todocodeacademy.eureka_server.EurekaServerApplicationTests" time="14.969" tests="1" errors="0" skipped="0" failures="0">
  <properties>
[...]
</properties>
  <testcase name="contextLoads" classname="com.todocodeacademy.eureka_server.EurekaServerApplicationTests" time="1.541">
    <system-out><![CDATA[02:54:30.331 [main] INFO org.springframework.test.context.support.AnnotationConfigContextLoaderUtils -- Could not detect default configuration classes for test class [com.todocodeacademy.eureka_server.EurekaServerApplicationTests]: EurekaServerApplicationTests does not declare any static, non-private, non-final, nested classes annotated with @Configuration.
02:54:30.846 [main] INFO org.springframework.boot.test.context.SpringBootTestContextBootstrapper -- Found @SpringBootConfiguration com.todocodeacademy.eureka_server.EurekaServerApplication for test class com.todocodeacademy.eureka_server.EurekaServerApplicationTests
02:54:31.697 [main] INFO org.springframework.boot.devtools.restart.RestartApplicationListener -- Restart disabled due to context in which it is running

  .   ____          _            __ _ _
 /\\ / ___'_ __ _ _(_)_ __  __ _ \ \ \ \
( ( )\___ | '_ | '_| | '_ \/ _` | \ \ \ \
 \\/  ___)| |_)| | | | | || (_| |  ) ) ) )
  '  |____| .__|_| |_|_| |_\__, | / / / /
 =========|_|==============|___/=/_/_/_/

 :: Spring Boot ::               (v3.3.13)

2025-07-12T02:54:33.015-03:00  INFO 34032 --- [eureka-server] [           main] c.t.e.EurekaServerApplicationTests       : Starting EurekaServerApplicationTests using Java 24.0.1 with PID 34032 (started by Patricio in C:\Users\Patricio\Downloads\eureka-server\eureka-server)
2025-07-12T02:54:33.017-03:00  INFO 34032 --- [eureka-server] [           main] c.t.e.EurekaServerApplicationTests       : No active profile set, falling back to 1 default profile: "default"
2025-07-12T02:54:36.994-03:00  INFO 34032 --- [eureka-server] [           main] o.s.cloud.context.scope.GenericScope     : BeanFactory id=9928d723-2fc4-3102-8a0e-27b60b7f0bb9
2025-07-12T02:54:38.310-03:00  INFO 34032 --- [eureka-server] [           main] o.s.v.b.OptionalValidatorFactoryBean     : Failed to set up a Bean Validation provider: jakarta.validation.NoProviderFoundException: Unable to create a Configuration, because no Jakarta Bean Validation provider could be found. Add a provider like Hibernate Validator (RI) to your classpath.
2025-07-12T02:54:40.582-03:00  WARN 34032 --- [eureka-server] [           main] iguration$LoadBalancerCaffeineWarnLogger : Spring Cloud LoadBalancer is currently working with the default cache. While this cache implementation is useful for development and tests, it's recommended to use Caffeine cache in production.You can switch to using Caffeine cache, by adding it and org.springframework.cache.caffeine.CaffeineCacheManager to the classpath.
2025-07-12T02:54:41.553-03:00  INFO 34032 --- [eureka-server] [           main] o.s.c.n.eureka.InstanceInfoFactory       : Setting initial instance status as: STARTING
2025-07-12T02:54:41.604-03:00  INFO 34032 --- [eureka-server] [           main] com.netflix.discovery.DiscoveryClient    : Initializing Eureka in region us-east-1
2025-07-12T02:54:41.606-03:00  INFO 34032 --- [eureka-server] [           main] com.netflix.discovery.DiscoveryClient    : Client configured to neither register nor query for data.
2025-07-12T02:54:41.614-03:00  INFO 34032 --- [eureka-server] [           main] com.netflix.discovery.DiscoveryClient    : Discovery Client initialized at timestamp 1752299681609 with initial instances count: 0
2025-07-12T02:54:41.742-03:00  INFO 34032 --- [eureka-server] [           main] c.n.eureka.DefaultEurekaServerContext    : Initializing ...
2025-07-12T02:54:41.746-03:00  INFO 34032 --- [eureka-server] [           main] c.n.eureka.cluster.PeerEurekaNodes       : Adding new peer nodes [http://localhost:8761/eureka/]
2025-07-12T02:54:42.247-03:00  INFO 34032 --- [eureka-server] [           main] c.n.d.provider.DiscoveryJerseyProvider   : Using JSON encoding codec LegacyJacksonJson
2025-07-12T02:54:42.247-03:00  INFO 34032 --- [eureka-server] [           main] c.n.d.provider.DiscoveryJerseyProvider   : Using JSON decoding codec LegacyJacksonJson
2025-07-12T02:54:42.247-03:00  INFO 34032 --- [eureka-server] [           main] c.n.d.provider.DiscoveryJerseyProvider   : Using XML encoding codec XStreamXml
2025-07-12T02:54:42.247-03:00  INFO 34032 --- [eureka-server] [           main] c.n.d.provider.DiscoveryJerseyProvider   : Using XML decoding codec XStreamXml
2025-07-12T02:54:42.390-03:00  INFO 34032 --- [eureka-server] [           main] c.n.eureka.cluster.PeerEurekaNodes       : Replica node URL:  http://localhost:8761/eureka/
2025-07-12T02:54:42.413-03:00  INFO 34032 --- [eureka-server] [           main] c.n.e.registry.AbstractInstanceRegistry  : Finished initializing remote region registries. All known remote regions: []
2025-07-12T02:54:42.414-03:00  INFO 34032 --- [eureka-server] [           main] c.n.eureka.DefaultEurekaServerContext    : Initialized
2025-07-12T02:54:42.584-03:00  INFO 34032 --- [eureka-server] [           main] o.s.b.a.e.web.EndpointLinksResolver      : Exposing 1 endpoint beneath base path '/actuator'
2025-07-12T02:54:42.756-03:00  INFO 34032 --- [eureka-server] [           main] o.s.c.n.e.s.EurekaServiceRegistry        : Registering application EUREKA-SERVER with eureka with status UP
2025-07-12T02:54:42.786-03:00  INFO 34032 --- [eureka-server] [           main] c.t.e.EurekaServerApplicationTests       : Started EurekaServerApplicationTests in 11.186 seconds (process running for 15.651)
2025-07-12T02:54:42.795-03:00  INFO 34032 --- [eureka-server] [      Thread-11] o.s.c.n.e.server.EurekaServerBootstrap   : isAws returned false
2025-07-12T02:54:42.797-03:00  INFO 34032 --- [eureka-server] [      Thread-11] o.s.c.n.e.server.EurekaServerBootstrap   : Initialized server context
2025-07-12T02:54:42.797-03:00  INFO 34032 --- [eureka-server] [      Thread-11] c.n.e.r.PeerAwareInstanceRegistryImpl    : Got 1 instances from neighboring DS node
2025-07-12T02:54:42.797-03:00  INFO 34032 --- [eureka-server] [      Thread-11] c.n.e.r.PeerAwareInstanceRegistryImpl    : Renew threshold is: 1
2025-07-12T02:54:42.797-03:00  INFO 34032 --- [eureka-server] [      Thread-11] c.n.e.r.PeerAwareInstanceRegistryImpl    : Changing status to UP
2025-07-12T02:54:42.800-03:00  INFO 34032 --- [eureka-server] [      Thread-11] e.s.EurekaServerInitializerConfiguration : Started Eureka Server
]]></system-out>
    <system-err><![CDATA[WARNING: A Java agent has been loaded dynamically (C:\Users\Patricio\.m2\repository\net\bytebuddy\byte-buddy-agent\1.14.19\byte-buddy-agent-1.14.19.jar)
WARNING: If a serviceability tool is in use, please run with -XX:+EnableDynamicAgentLoading to hide this warning
WARNING: If a serviceability tool is not in use, please run with -Djdk.instrument.traceUsage for more information
WARNING: Dynamic loading of agents will be disallowed by default in a future release
]]></system-err>
  </testcase>
</testsuite>